{"message":"Listening on port 3000","level":"info"}
{"message":"Connected to mongodb://localhost/clearwaive... ","level":"info"}
{"code":"EAUTH","response":"535-5.7.8 Username and Password not accepted. Learn more at\n535 5.7.8  https://support.google.com/mail/?p=BadCredentials o1sm18247568pfk.152 - gsmtp","responseCode":535,"command":"AUTH PLAIN","level":"error","message":"Invalid login: 535-5.7.8 Username and Password not accepted. Learn more at\n535 5.7.8  https://support.google.com/mail/?p=BadCredentials o1sm18247568pfk.152 - gsmtp Invalid login: 535-5.7.8 Username and Password not accepted. Learn more at\n535 5.7.8  https://support.google.com/mail/?p=BadCredentials o1sm18247568pfk.152 - gsmtp","stack":"Error: Invalid login: 535-5.7.8 Username and Password not accepted. Learn more at\n535 5.7.8  https://support.google.com/mail/?p=BadCredentials o1sm18247568pfk.152 - gsmtp\n    at SMTPConnection._formatError (/home/maestrom4/projects/nodejs/clearwaive-api/node_modules/nodemailer/lib/smtp-connection/index.js:774:19)\n    at SMTPConnection._actionAUTHComplete (/home/maestrom4/projects/nodejs/clearwaive-api/node_modules/nodemailer/lib/smtp-connection/index.js:1518:34)\n    at SMTPConnection.<anonymous> (/home/maestrom4/projects/nodejs/clearwaive-api/node_modules/nodemailer/lib/smtp-connection/index.js:540:26)\n    at SMTPConnection._processResponse (/home/maestrom4/projects/nodejs/clearwaive-api/node_modules/nodemailer/lib/smtp-connection/index.js:937:20)\n    at SMTPConnection._onData (/home/maestrom4/projects/nodejs/clearwaive-api/node_modules/nodemailer/lib/smtp-connection/index.js:739:14)\n    at TLSSocket.SMTPConnection._onSocketData (/home/maestrom4/projects/nodejs/clearwaive-api/node_modules/nodemailer/lib/smtp-connection/index.js:189:44)\n    at TLSSocket.emit (events.js:314:20)\n    at addChunk (_stream_readable.js:297:12)\n    at readableAddChunk (_stream_readable.js:272:9)\n    at TLSSocket.Readable.push (_stream_readable.js:213:10)\n    at TLSWrap.onStreamRead (internal/stream_base_commons.js:188:23)"}
{"code":"EAUTH","response":"535-5.7.8 Username and Password not accepted. Learn more at\n535 5.7.8  https://support.google.com/mail/?p=BadCredentials k35sm18945610pgi.21 - gsmtp","responseCode":535,"command":"AUTH PLAIN","level":"error","message":"Invalid login: 535-5.7.8 Username and Password not accepted. Learn more at\n535 5.7.8  https://support.google.com/mail/?p=BadCredentials k35sm18945610pgi.21 - gsmtp Invalid login: 535-5.7.8 Username and Password not accepted. Learn more at\n535 5.7.8  https://support.google.com/mail/?p=BadCredentials k35sm18945610pgi.21 - gsmtp","stack":"Error: Invalid login: 535-5.7.8 Username and Password not accepted. Learn more at\n535 5.7.8  https://support.google.com/mail/?p=BadCredentials k35sm18945610pgi.21 - gsmtp\n    at SMTPConnection._formatError (/home/maestrom4/projects/nodejs/clearwaive-api/node_modules/nodemailer/lib/smtp-connection/index.js:774:19)\n    at SMTPConnection._actionAUTHComplete (/home/maestrom4/projects/nodejs/clearwaive-api/node_modules/nodemailer/lib/smtp-connection/index.js:1518:34)\n    at SMTPConnection.<anonymous> (/home/maestrom4/projects/nodejs/clearwaive-api/node_modules/nodemailer/lib/smtp-connection/index.js:540:26)\n    at SMTPConnection._processResponse (/home/maestrom4/projects/nodejs/clearwaive-api/node_modules/nodemailer/lib/smtp-connection/index.js:937:20)\n    at SMTPConnection._onData (/home/maestrom4/projects/nodejs/clearwaive-api/node_modules/nodemailer/lib/smtp-connection/index.js:739:14)\n    at TLSSocket.SMTPConnection._onSocketData (/home/maestrom4/projects/nodejs/clearwaive-api/node_modules/nodemailer/lib/smtp-connection/index.js:189:44)\n    at TLSSocket.emit (events.js:314:20)\n    at addChunk (_stream_readable.js:297:12)\n    at readableAddChunk (_stream_readable.js:272:9)\n    at TLSSocket.Readable.push (_stream_readable.js:213:10)\n    at TLSWrap.onStreamRead (internal/stream_base_commons.js:188:23)"}
{"code":"EAUTH","response":"535-5.7.8 Username and Password not accepted. Learn more at\n535 5.7.8  https://support.google.com/mail/?p=BadCredentials p17sm3355892pjg.54 - gsmtp","responseCode":535,"command":"AUTH PLAIN","level":"error","message":"Invalid login: 535-5.7.8 Username and Password not accepted. Learn more at\n535 5.7.8  https://support.google.com/mail/?p=BadCredentials p17sm3355892pjg.54 - gsmtp Invalid login: 535-5.7.8 Username and Password not accepted. Learn more at\n535 5.7.8  https://support.google.com/mail/?p=BadCredentials p17sm3355892pjg.54 - gsmtp","stack":"Error: Invalid login: 535-5.7.8 Username and Password not accepted. Learn more at\n535 5.7.8  https://support.google.com/mail/?p=BadCredentials p17sm3355892pjg.54 - gsmtp\n    at SMTPConnection._formatError (/home/maestrom4/projects/nodejs/clearwaive-api/node_modules/nodemailer/lib/smtp-connection/index.js:774:19)\n    at SMTPConnection._actionAUTHComplete (/home/maestrom4/projects/nodejs/clearwaive-api/node_modules/nodemailer/lib/smtp-connection/index.js:1518:34)\n    at SMTPConnection.<anonymous> (/home/maestrom4/projects/nodejs/clearwaive-api/node_modules/nodemailer/lib/smtp-connection/index.js:540:26)\n    at SMTPConnection._processResponse (/home/maestrom4/projects/nodejs/clearwaive-api/node_modules/nodemailer/lib/smtp-connection/index.js:937:20)\n    at SMTPConnection._onData (/home/maestrom4/projects/nodejs/clearwaive-api/node_modules/nodemailer/lib/smtp-connection/index.js:739:14)\n    at TLSSocket.SMTPConnection._onSocketData (/home/maestrom4/projects/nodejs/clearwaive-api/node_modules/nodemailer/lib/smtp-connection/index.js:189:44)\n    at TLSSocket.emit (events.js:314:20)\n    at addChunk (_stream_readable.js:297:12)\n    at readableAddChunk (_stream_readable.js:272:9)\n    at TLSSocket.Readable.push (_stream_readable.js:213:10)\n    at TLSWrap.onStreamRead (internal/stream_base_commons.js:188:23)"}
{"message":"Listening on port 3000","level":"info"}
{"message":"Connected to mongodb://localhost/clearwaive... ","level":"info"}
{"message":"Listening on port 3000","level":"info"}
{"message":"Connected to mongodb://localhost/clearwaive... ","level":"info"}
{"message":"Listening on port 3000","level":"info"}
{"message":"Connected to mongodb://localhost/clearwaive... ","level":"info"}
{"code":"EAUTH","response":"535-5.7.8 Username and Password not accepted. Learn more at\n535 5.7.8  https://support.google.com/mail/?p=BadCredentials 92sm3509354pjv.29 - gsmtp","responseCode":535,"command":"AUTH PLAIN","level":"error","message":"Invalid login: 535-5.7.8 Username and Password not accepted. Learn more at\n535 5.7.8  https://support.google.com/mail/?p=BadCredentials 92sm3509354pjv.29 - gsmtp Invalid login: 535-5.7.8 Username and Password not accepted. Learn more at\n535 5.7.8  https://support.google.com/mail/?p=BadCredentials 92sm3509354pjv.29 - gsmtp","stack":"Error: Invalid login: 535-5.7.8 Username and Password not accepted. Learn more at\n535 5.7.8  https://support.google.com/mail/?p=BadCredentials 92sm3509354pjv.29 - gsmtp\n    at SMTPConnection._formatError (/home/maestrom4/projects/nodejs/clearwaive-api/node_modules/nodemailer/lib/smtp-connection/index.js:774:19)\n    at SMTPConnection._actionAUTHComplete (/home/maestrom4/projects/nodejs/clearwaive-api/node_modules/nodemailer/lib/smtp-connection/index.js:1518:34)\n    at SMTPConnection.<anonymous> (/home/maestrom4/projects/nodejs/clearwaive-api/node_modules/nodemailer/lib/smtp-connection/index.js:540:26)\n    at SMTPConnection._processResponse (/home/maestrom4/projects/nodejs/clearwaive-api/node_modules/nodemailer/lib/smtp-connection/index.js:937:20)\n    at SMTPConnection._onData (/home/maestrom4/projects/nodejs/clearwaive-api/node_modules/nodemailer/lib/smtp-connection/index.js:739:14)\n    at TLSSocket.SMTPConnection._onSocketData (/home/maestrom4/projects/nodejs/clearwaive-api/node_modules/nodemailer/lib/smtp-connection/index.js:189:44)\n    at TLSSocket.emit (events.js:314:20)\n    at addChunk (_stream_readable.js:297:12)\n    at readableAddChunk (_stream_readable.js:272:9)\n    at TLSSocket.Readable.push (_stream_readable.js:213:10)\n    at TLSWrap.onStreamRead (internal/stream_base_commons.js:188:23)"}
{"message":"Listening on port 3000","level":"info"}
{"message":"Connected to mongodb://localhost/clearwaive... ","level":"info"}
{"message":"Listening on port 3000","level":"info"}
{"message":"Listening on port 3000","level":"info"}
{"message":"Connected to mongodb://localhost/clearwaive... ","level":"info"}
{"message":"Listening on port 3000","level":"info"}
{"message":"Connected to mongodb://localhost/clearwaive... ","level":"info"}
{"errno":-2,"code":"ESTREAM","syscall":"open","path":"/home/maestrom4/projects/nodejs/clearwaive-api/uploads/trump-1624972420267.png","command":"API","level":"error","message":"ENOENT: no such file or directory, open '/home/maestrom4/projects/nodejs/clearwaive-api/uploads/trump-1624972420267.png' ENOENT: no such file or directory, open '/home/maestrom4/projects/nodejs/clearwaive-api/uploads/trump-1624972420267.png'","stack":"Error: ENOENT: no such file or directory, open '/home/maestrom4/projects/nodejs/clearwaive-api/uploads/trump-1624972420267.png'"}
{"message":"Listening on port 3000","level":"info"}
{"message":"Connected to mongodb://localhost/clearwaive... ","level":"info"}
{"message":"Listening on port 3000","level":"info"}
{"message":"Connected to mongodb://localhost/clearwaive... ","level":"info"}
{"message":"Listening on port 3000","level":"info"}
{"message":"Connected to mongodb://localhost/clearwaive... ","level":"info"}
{"message":"Listening on port 3000","level":"info"}
{"message":"Connected to mongodb://localhost/clearwaive... ","level":"info"}
{"message":"Listening on port 3000","level":"info"}
{"message":"Connected to mongodb://localhost/clearwaive... ","level":"info"}
{"message":"Listening on port 3000","level":"info"}
{"message":"Connected to mongodb://localhost/clearwaive... ","level":"info"}
{"message":"Listening on port 3000","level":"info"}
{"message":"Connected to mongodb://localhost/clearwaive... ","level":"info"}
{"message":"Listening on port 3000","level":"info"}
{"message":"Connected to mongodb://localhost/clearwaive... ","level":"info"}
{"message":"Listening on port 3000","level":"info"}
{"message":"Connected to mongodb://localhost/clearwaive... ","level":"info"}
{"message":"Listening on port 3000","level":"info"}
{"message":"Connected to mongodb://localhost/clearwaive... ","level":"info"}
{"message":"Listening on port 3000","level":"info"}
{"message":"Connected to mongodb://localhost/clearwaive... ","level":"info"}
{"message":"Listening on port 3000","level":"info"}
{"message":"Connected to mongodb://localhost/clearwaive... ","level":"info"}
{"message":"Listening on port 3000","level":"info"}
{"message":"Connected to mongodb://localhost/clearwaive... ","level":"info"}
{"message":"Listening on port 3000","level":"info"}
{"message":"Connected to mongodb://localhost/clearwaive... ","level":"info"}
{"message":"Listening on port 3000","level":"info"}
{"message":"Connected to mongodb://localhost/clearwaive... ","level":"info"}
{"message":"Listening on port 3000","level":"info"}
{"message":"Connected to mongodb://localhost/clearwaive... ","level":"info"}
{"message":"Listening on port 3000","level":"info"}
{"message":"Connected to mongodb://localhost/clearwaive... ","level":"info"}
{"message":"Listening on port 3000","level":"info"}
{"message":"Connected to mongodb://localhost/clearwaive... ","level":"info"}
{"message":"Listening on port 3000","level":"info"}
{"message":"Connected to mongodb://localhost/clearwaive... ","level":"info"}
{"message":"Listening on port 3000","level":"info"}
{"message":"Connected to mongodb://localhost/clearwaive... ","level":"info"}
{"code":"EAUTH","response":"535-5.7.8 Username and Password not accepted. Learn more at\n535 5.7.8  https://support.google.com/mail/?p=BadCredentials n127sm7985553pga.58 - gsmtp","responseCode":535,"command":"AUTH PLAIN","level":"error","message":"Invalid login: 535-5.7.8 Username and Password not accepted. Learn more at\n535 5.7.8  https://support.google.com/mail/?p=BadCredentials n127sm7985553pga.58 - gsmtp Invalid login: 535-5.7.8 Username and Password not accepted. Learn more at\n535 5.7.8  https://support.google.com/mail/?p=BadCredentials n127sm7985553pga.58 - gsmtp","stack":"Error: Invalid login: 535-5.7.8 Username and Password not accepted. Learn more at\n535 5.7.8  https://support.google.com/mail/?p=BadCredentials n127sm7985553pga.58 - gsmtp\n    at SMTPConnection._formatError (/home/maestrom4/projects/nodejs/clearwaive-api/node_modules/nodemailer/lib/smtp-connection/index.js:774:19)\n    at SMTPConnection._actionAUTHComplete (/home/maestrom4/projects/nodejs/clearwaive-api/node_modules/nodemailer/lib/smtp-connection/index.js:1518:34)\n    at SMTPConnection.<anonymous> (/home/maestrom4/projects/nodejs/clearwaive-api/node_modules/nodemailer/lib/smtp-connection/index.js:540:26)\n    at SMTPConnection._processResponse (/home/maestrom4/projects/nodejs/clearwaive-api/node_modules/nodemailer/lib/smtp-connection/index.js:937:20)\n    at SMTPConnection._onData (/home/maestrom4/projects/nodejs/clearwaive-api/node_modules/nodemailer/lib/smtp-connection/index.js:739:14)\n    at TLSSocket.SMTPConnection._onSocketData (/home/maestrom4/projects/nodejs/clearwaive-api/node_modules/nodemailer/lib/smtp-connection/index.js:189:44)\n    at TLSSocket.emit (events.js:314:20)\n    at addChunk (_stream_readable.js:297:12)\n    at readableAddChunk (_stream_readable.js:272:9)\n    at TLSSocket.Readable.push (_stream_readable.js:213:10)\n    at TLSWrap.onStreamRead (internal/stream_base_commons.js:188:23)"}
{"message":"Listening on port 3000","level":"info"}
{"message":"Connected to mongodb://localhost/clearwaive... ","level":"info"}
{"message":"Listening on port 3000","level":"info"}
{"message":"Connected to mongodb://localhost/clearwaive... ","level":"info"}
{"message":"Listening on port 3000","level":"info"}
{"message":"Connected to mongodb://localhost/clearwaive... ","level":"info"}
{"message":"Listening on port 3000","level":"info"}
{"message":"Connected to mongodb://localhost/clearwaive... ","level":"info"}
{"message":"Listening on port 3000","level":"info"}
{"message":"Connected to mongodb://localhost/clearwaive... ","level":"info"}
{"code":"EAUTH","response":"535-5.7.8 Username and Password not accepted. Learn more at\n535 5.7.8  https://support.google.com/mail/?p=BadCredentials j12sm18442016pjw.52 - gsmtp","responseCode":535,"command":"AUTH PLAIN","level":"error","message":"Invalid login: 535-5.7.8 Username and Password not accepted. Learn more at\n535 5.7.8  https://support.google.com/mail/?p=BadCredentials j12sm18442016pjw.52 - gsmtp Invalid login: 535-5.7.8 Username and Password not accepted. Learn more at\n535 5.7.8  https://support.google.com/mail/?p=BadCredentials j12sm18442016pjw.52 - gsmtp","stack":"Error: Invalid login: 535-5.7.8 Username and Password not accepted. Learn more at\n535 5.7.8  https://support.google.com/mail/?p=BadCredentials j12sm18442016pjw.52 - gsmtp\n    at SMTPConnection._formatError (/home/maestrom4/projects/nodejs/clearwaive-api/node_modules/nodemailer/lib/smtp-connection/index.js:774:19)\n    at SMTPConnection._actionAUTHComplete (/home/maestrom4/projects/nodejs/clearwaive-api/node_modules/nodemailer/lib/smtp-connection/index.js:1518:34)\n    at SMTPConnection.<anonymous> (/home/maestrom4/projects/nodejs/clearwaive-api/node_modules/nodemailer/lib/smtp-connection/index.js:540:26)\n    at SMTPConnection._processResponse (/home/maestrom4/projects/nodejs/clearwaive-api/node_modules/nodemailer/lib/smtp-connection/index.js:937:20)\n    at SMTPConnection._onData (/home/maestrom4/projects/nodejs/clearwaive-api/node_modules/nodemailer/lib/smtp-connection/index.js:739:14)\n    at TLSSocket.SMTPConnection._onSocketData (/home/maestrom4/projects/nodejs/clearwaive-api/node_modules/nodemailer/lib/smtp-connection/index.js:189:44)\n    at TLSSocket.emit (events.js:314:20)\n    at addChunk (_stream_readable.js:297:12)\n    at readableAddChunk (_stream_readable.js:272:9)\n    at TLSSocket.Readable.push (_stream_readable.js:213:10)\n    at TLSWrap.onStreamRead (internal/stream_base_commons.js:188:23)"}
{"message":"Listening on port 3000","level":"info"}
{"message":"Connected to mongodb://localhost/clearwaive... ","level":"info"}
{"message":"Listening on port 3000","level":"info"}
{"message":"Connected to mongodb://localhost/clearwaive... ","level":"info"}
{"message":"Listening on port 3000","level":"info"}
{"message":"Connected to mongodb://localhost/clearwaive... ","level":"info"}
{"message":"Listening on port 3000","level":"info"}
{"message":"Connected to mongodb://localhost/clearwaive... ","level":"info"}
{"message":"Listening on port 3000","level":"info"}
{"message":"Connected to mongodb://localhost/clearwaive... ","level":"info"}
{"message":"Listening on port 3000","level":"info"}
{"message":"Connected to mongodb://localhost/clearwaive... ","level":"info"}
{"message":"Listening on port 3000","level":"info"}
{"message":"Connected to mongodb://localhost/clearwaive... ","level":"info"}
{"message":"Listening on port 3000","level":"info"}
{"message":"Connected to mongodb://localhost/clearwaive... ","level":"info"}
